
Xvnc TigerVNC 1.10.0 - built Apr  9 2020 06:49:31
Copyright (C) 1999-2019 TigerVNC Team and many others (see README.rst)
See https://www.tigervnc.org for information on TigerVNC.
Underlying X server release 12008000, The X.Org Foundation


Sun May 24 18:52:22 2020
 vncext:      VNC extension running!
 vncext:      Listening for VNC connections on local interface(s), port 5901
 vncext:      created VNC server for screen 0
xrdb: No such file or directory
xrdb: can't open file '/home/cloud_user/.Xresources'
/usr/bin/startxfce4: X server already running on display :1
gpg-agent[2135]: WARNING: "--write-env-file" is an obsolete option - it has no effect
gpg-agent[2136]: gpg-agent (GnuPG) 2.2.19 started

(xfce4-session:2083): xfce4-session-WARNING **: 18:52:23.171: gpg-agent returned no PID in the variables

(xfce4-session:2083): xfce4-session-WARNING **: 18:52:23.173: xfsm_manager_load_session: Something wrong with /home/cloud_user/.cache/sessions/xfce4-session-dharmendra21042c.mylabserver.com:1, Does it exist? Permissions issue?

(xfwm4:2137): xfwm4-WARNING **: 18:52:23.324: Unsupported GL renderer (llvmpipe (LLVM 9.0.1, 128 bits)).

** (wrapper-2.0:2169): WARNING **: 18:52:23.933: No outputs have backlight property

(wrapper-2.0:2170): GLib-GIO-CRITICAL **: 18:52:24.057: g_file_new_for_path: assertion 'path != NULL' failed

(wrapper-2.0:2170): GLib-GIO-CRITICAL **: 18:52:24.057: g_file_monitor_file: assertion 'G_IS_FILE (file)' failed

(wrapper-2.0:2170): GLib-GObject-WARNING **: 18:52:24.058: invalid (NULL) pointer instance

(wrapper-2.0:2170): GLib-GObject-CRITICAL **: 18:52:24.058: g_signal_connect_data: assertion 'G_TYPE_CHECK_INSTANCE (instance)' failed

(wrapper-2.0:2170): Gtk-WARNING **: 18:52:24.058: Attempting to add a widget with type GtkToggleButton to a container of type XfcePanelPlugin, but the widget is already inside a container of type XfcePanelPlugin, please remove the widget from its existing container first.

(wrapper-2.0:2171): Gtk-WARNING **: 18:52:24.094: Negative content width -1 (allocation 1, extents 1x1) while allocating gadget (node button, owner XfceArrowButton)

(wrapper-2.0:2170): Gtk-WARNING **: 18:52:24.137: Negative content width -3 (allocation 1, extents 2x2) while allocating gadget (node button, owner GtkToggleButton)

(wrapper-2.0:2166): Gtk-WARNING **: 18:52:24.139: Negative content width -3 (allocation 1, extents 2x2) while allocating gadget (node button, owner PulseaudioButton)

(wrapper-2.0:2169): Gtk-WARNING **: 18:52:24.160: Negative content width -3 (allocation 1, extents 2x2) while allocating gadget (node button, owner PowerManagerButton)

(xfce4-session:2083): xfce4-session-WARNING **: 18:52:24.193: Unable to launch "/usr/bin/ubuntu-report send upgrade" (specified by autostart/ubuntu-report-on-upgrade.desktop): Failed to execute child process “/usr/bin/ubuntu-report” (No such file or directory)
Connection failure: Connection refused
pa_context_connect() failed: Connection refused

(xfce4-session:2083): xfce4-session-WARNING **: 18:52:24.246: Unable to launch "/usr/libexec/deja-dup/deja-dup-monitor" (specified by autostart/org.gnome.DejaDup.Monitor.desktop): Failed to execute child process “/usr/libexec/deja-dup/deja-dup-monitor” (No such file or directory)

(xfce4-session:2083): xfce4-session-WARNING **: 18:52:24.267: Unable to launch "/usr/libexec/tracker-extract" (specified by autostart/tracker-extract.desktop): Failed to execute child process “/usr/libexec/tracker-extract” (No such file or directory)
Error: GDBus.Error:org.freedesktop.DBus.Error.ServiceUnknown: The name org.freedesktop.Tracker1 was not provided by any .service files

(xfce4-session:2083): xfce4-session-WARNING **: 18:52:24.285: Unable to launch "xdg-user-dirs-gtk-update" (specified by autostart/user-dirs-update-gtk.desktop): Failed to execute child process “xdg-user-dirs-gtk-update” (No such file or directory)

(xfce4-session:2083): xfce4-session-WARNING **: 18:52:24.310: Unable to launch "/usr/libexec/tracker-miner-fs" (specified by autostart/tracker-miner-fs.desktop): Failed to execute child process “/usr/libexec/tracker-miner-fs” (No such file or directory)

(xfce4-session:2083): xfce4-session-WARNING **: 18:52:24.374: Unable to launch "/usr/bin/spice-vdagent" (specified by autostart/spice-vdagent.desktop): Failed to execute child process “/usr/bin/spice-vdagent” (No such file or directory)

** (xiccd:2228): WARNING **: 18:52:24.393: EDID is empty

** (xiccd:2228): CRITICAL **: 18:52:24.426: failed to create colord device: failed to obtain org.freedesktop.color-manager.create-device auth

** (light-locker:2236): ERROR **: 18:52:24.554: Environment variable XDG_SESSION_PATH not set. Is LightDM running?

(nm-applet:2211): Gtk-WARNING **: 18:52:24.638: Can't set a parent on widget which has a parent

(nm-applet:2211): Gdk-CRITICAL **: 18:52:24.928: gdk_window_thaw_toplevel_updates: assertion 'window->update_and_descendants_freeze_count > 0' failed
Error executing command as another user: Not authorized

This incident has been reported.
Error executing command as another user: Not authorized

This incident has been reported.
